<?xml version="1.0" encoding="UTF-8"?>
<!-- Generated by org.testng.reporters.JUnitXMLReporter -->
<testsuite ignored="0" hostname="rkagr55" failures="0" tests="3" name="test3" time="6.543" errors="0" timestamp="2023-05-04T14:17:13 IST">
  <testcase classname="tests.ResetPasswordTest" name="isForgetPasswordDisplayed" time="1.949"/>
  <testcase classname="tests.ResetPasswordTest" name="navigateTorRsetPassword" time="2.57"/>
  <testcase classname="tests.ResetPasswordTest" name="doResetPassword" time="4.01"/>
</testsuite> <!-- test3 -->
