<?xml version="1.0" encoding="UTF-8"?>
<testng-results ignored="0" total="7" passed="7" failed="0" skipped="0">
  <reporter-output>
  </reporter-output>
  <suite started-at="2023-05-04T14:16:54 IST" name="Regression Suite" finished-at="2023-05-04T14:17:13 IST" duration-ms="18816">
    <groups>
    </groups>
    <test started-at="2023-05-04T14:16:54 IST" name="test1" finished-at="2023-05-04T14:17:01 IST" duration-ms="6590">
      <class name="tests.LoginTest">
        <test-method is-config="true" signature="beforeMethod(java.lang.String)[pri:0, instance:tests.LoginTest@21129f1f]" started-at="2023-05-04T14:16:54 IST" name="beforeMethod" finished-at="2023-05-04T14:16:57 IST" duration-ms="2788" status="PASS">
          <params>
            <param index="0">
              <value>
                <![CDATA[chrome]]>
              </value>
            </param>
          </params>
          <reporter-output>
          </reporter-output>
        </test-method> <!-- beforeMethod -->
        <test-method is-config="true" signature="beforeMethod(java.lang.String)[pri:0, instance:tests.LoginTest@21129f1f]" started-at="2023-05-04T14:16:54 IST" name="beforeMethod" finished-at="2023-05-04T14:16:57 IST" duration-ms="2788" status="PASS">
          <params>
            <param index="0">
              <value>
                <![CDATA[chrome]]>
              </value>
            </param>
          </params>
          <reporter-output>
          </reporter-output>
        </test-method> <!-- beforeMethod -->
        <test-method signature="validLogin()[pri:0, instance:tests.LoginTest@21129f1f]" started-at="2023-05-04T14:16:57 IST" name="validLogin" finished-at="2023-05-04T14:17:01 IST" duration-ms="3414" status="PASS">
          <reporter-output>
          </reporter-output>
        </test-method> <!-- validLogin -->
        <test-method signature="invalidLogin()[pri:0, instance:tests.LoginTest@21129f1f]" started-at="2023-05-04T14:16:57 IST" name="invalidLogin" finished-at="2023-05-04T14:17:00 IST" duration-ms="3267" status="PASS">
          <reporter-output>
          </reporter-output>
        </test-method> <!-- invalidLogin -->
        <test-method is-config="true" signature="afterMethod()[pri:0, instance:tests.LoginTest@21129f1f]" started-at="2023-05-04T14:17:01 IST" name="afterMethod" finished-at="2023-05-04T14:17:01 IST" duration-ms="132" status="PASS">
          <reporter-output>
          </reporter-output>
        </test-method> <!-- afterMethod -->
        <test-method is-config="true" signature="afterMethod()[pri:0, instance:tests.LoginTest@21129f1f]" started-at="2023-05-04T14:17:01 IST" name="afterMethod" finished-at="2023-05-04T14:17:01 IST" duration-ms="128" status="PASS">
          <reporter-output>
          </reporter-output>
        </test-method> <!-- afterMethod -->
      </class> <!-- tests.LoginTest -->
    </test> <!-- test1 -->
    <test started-at="2023-05-04T14:17:01 IST" name="test2" finished-at="2023-05-04T14:17:07 IST" duration-ms="5232">
      <class name="tests.MyAccountTest">
        <test-method is-config="true" signature="beforeMethod(java.lang.String)[pri:0, instance:tests.MyAccountTest@341814d3]" started-at="2023-05-04T14:17:01 IST" name="beforeMethod" finished-at="2023-05-04T14:17:03 IST" duration-ms="1940" status="PASS">
          <params>
            <param index="0">
              <value>
                <![CDATA[chrome]]>
              </value>
            </param>
          </params>
          <reporter-output>
          </reporter-output>
        </test-method> <!-- beforeMethod -->
        <test-method is-config="true" signature="beforeMethod(java.lang.String)[pri:0, instance:tests.MyAccountTest@341814d3]" started-at="2023-05-04T14:17:01 IST" name="beforeMethod" finished-at="2023-05-04T14:17:03 IST" duration-ms="1940" status="PASS">
          <params>
            <param index="0">
              <value>
                <![CDATA[chrome]]>
              </value>
            </param>
          </params>
          <reporter-output>
          </reporter-output>
        </test-method> <!-- beforeMethod -->
        <test-method signature="myAccountsectionCount()[pri:0, instance:tests.MyAccountTest@341814d3]" started-at="2023-05-04T14:17:03 IST" name="myAccountsectionCount" finished-at="2023-05-04T14:17:06 IST" duration-ms="2921" status="PASS">
          <reporter-output>
          </reporter-output>
        </test-method> <!-- myAccountsectionCount -->
        <test-method signature="accountsSectionsList()[pri:0, instance:tests.MyAccountTest@341814d3]" started-at="2023-05-04T14:17:03 IST" name="accountsSectionsList" finished-at="2023-05-04T14:17:06 IST" duration-ms="2978" status="PASS">
          <reporter-output>
          </reporter-output>
        </test-method> <!-- accountsSectionsList -->
        <test-method is-config="true" signature="afterMethod()[pri:0, instance:tests.MyAccountTest@341814d3]" started-at="2023-05-04T14:17:06 IST" name="afterMethod" finished-at="2023-05-04T14:17:06 IST" duration-ms="134" status="PASS">
          <reporter-output>
          </reporter-output>
        </test-method> <!-- afterMethod -->
        <test-method is-config="true" signature="afterMethod()[pri:0, instance:tests.MyAccountTest@341814d3]" started-at="2023-05-04T14:17:06 IST" name="afterMethod" finished-at="2023-05-04T14:17:07 IST" duration-ms="149" status="PASS">
          <reporter-output>
          </reporter-output>
        </test-method> <!-- afterMethod -->
      </class> <!-- tests.MyAccountTest -->
    </test> <!-- test2 -->
    <test started-at="2023-05-04T14:17:07 IST" name="test3" finished-at="2023-05-04T14:17:13 IST" duration-ms="6543">
      <class name="tests.ResetPasswordTest">
        <test-method is-config="true" signature="beforeSuite()[pri:0, instance:tests.ResetPasswordTest@4ddbbdf8]" started-at="2023-05-04T14:16:54 IST" name="beforeSuite" finished-at="2023-05-04T14:16:54 IST" duration-ms="708" status="PASS">
          <reporter-output>
          </reporter-output>
        </test-method> <!-- beforeSuite -->
        <test-method is-config="true" signature="beforeMethod(java.lang.String)[pri:0, instance:tests.ResetPasswordTest@4ddbbdf8]" started-at="2023-05-04T14:17:07 IST" name="beforeMethod" finished-at="2023-05-04T14:17:09 IST" duration-ms="2219" status="PASS">
          <params>
            <param index="0">
              <value>
                <![CDATA[chrome]]>
              </value>
            </param>
          </params>
          <reporter-output>
          </reporter-output>
        </test-method> <!-- beforeMethod -->
        <test-method is-config="true" signature="beforeMethod(java.lang.String)[pri:0, instance:tests.ResetPasswordTest@4ddbbdf8]" started-at="2023-05-04T14:17:07 IST" name="beforeMethod" finished-at="2023-05-04T14:17:09 IST" duration-ms="2598" status="PASS">
          <params>
            <param index="0">
              <value>
                <![CDATA[chrome]]>
              </value>
            </param>
          </params>
          <reporter-output>
          </reporter-output>
        </test-method> <!-- beforeMethod -->
        <test-method is-config="true" signature="beforeMethod(java.lang.String)[pri:0, instance:tests.ResetPasswordTest@4ddbbdf8]" started-at="2023-05-04T14:17:07 IST" name="beforeMethod" finished-at="2023-05-04T14:17:09 IST" duration-ms="2276" status="PASS">
          <params>
            <param index="0">
              <value>
                <![CDATA[chrome]]>
              </value>
            </param>
          </params>
          <reporter-output>
          </reporter-output>
        </test-method> <!-- beforeMethod -->
        <test-method signature="navigateTorRsetPassword()[pri:0, instance:tests.ResetPasswordTest@4ddbbdf8]" started-at="2023-05-04T14:17:09 IST" name="navigateTorRsetPassword" finished-at="2023-05-04T14:17:11 IST" duration-ms="2570" status="PASS">
          <reporter-output>
          </reporter-output>
        </test-method> <!-- navigateTorRsetPassword -->
        <test-method signature="doResetPassword()[pri:0, instance:tests.ResetPasswordTest@4ddbbdf8]" started-at="2023-05-04T14:17:09 IST" name="doResetPassword" finished-at="2023-05-04T14:17:13 IST" duration-ms="4010" status="PASS">
          <reporter-output>
          </reporter-output>
        </test-method> <!-- doResetPassword -->
        <test-method signature="isForgetPasswordDisplayed()[pri:0, instance:tests.ResetPasswordTest@4ddbbdf8]" started-at="2023-05-04T14:17:09 IST" name="isForgetPasswordDisplayed" finished-at="2023-05-04T14:17:11 IST" duration-ms="1949" status="PASS">
          <reporter-output>
          </reporter-output>
        </test-method> <!-- isForgetPasswordDisplayed -->
        <test-method is-config="true" signature="afterMethod()[pri:0, instance:tests.ResetPasswordTest@4ddbbdf8]" started-at="2023-05-04T14:17:11 IST" name="afterMethod" finished-at="2023-05-04T14:17:12 IST" duration-ms="155" status="PASS">
          <reporter-output>
          </reporter-output>
        </test-method> <!-- afterMethod -->
        <test-method is-config="true" signature="afterMethod()[pri:0, instance:tests.ResetPasswordTest@4ddbbdf8]" started-at="2023-05-04T14:17:12 IST" name="afterMethod" finished-at="2023-05-04T14:17:12 IST" duration-ms="154" status="PASS">
          <reporter-output>
          </reporter-output>
        </test-method> <!-- afterMethod -->
        <test-method is-config="true" signature="afterMethod()[pri:0, instance:tests.ResetPasswordTest@4ddbbdf8]" started-at="2023-05-04T14:17:13 IST" name="afterMethod" finished-at="2023-05-04T14:17:13 IST" duration-ms="96" status="PASS">
          <reporter-output>
          </reporter-output>
        </test-method> <!-- afterMethod -->
      </class> <!-- tests.ResetPasswordTest -->
    </test> <!-- test3 -->
  </suite> <!-- Regression Suite -->
</testng-results>
